<?xml version="1.0" encoding="utf-8" standalone="yes"?>
<Events><Event xmlns='http://schemas.microsoft.com/win/2004/08/events/event'><System><Provider Name='Microsoft-Windows-Kernel-Power' Guid='{331C3B3A-2005-44C2-AC5E-77220C37D6B4}'/><EventID>107</EventID><Version>1</Version><Level>4</Level><Task>102</Task><Opcode>0</Opcode><Keywords>0x8000000000000444</Keywords><TimeCreated SystemTime='2018-11-29T13:31:36.675686800Z'/><EventRecordID>12065</EventRecordID><Correlation/><Execution ProcessID='4' ThreadID='13396'/><Channel>System</Channel><Computer>PC-20170225VKVJ</Computer><Security/></System><EventData><Data Name='TargetState'>6</Data><Data Name='EffectiveState'>5</Data><Data Name='WakeFromState'>5</Data><Data Name='ProgrammedWakeTimeAc'>1601-01-01T00:00:00.000000000Z</Data><Data Name='ProgrammedWakeTimeDc'>1601-01-01T00:00:00.000000000Z</Data><Data Name='WakeRequesterTypeAc'>0</Data><Data Name='WakeRequesterTypeDc'>0</Data></EventData></Event><Event xmlns='http://schemas.microsoft.com/win/2004/08/events/event'><System><Provider Name='Microsoft-Windows-Kernel-Power' Guid='{331C3B3A-2005-44C2-AC5E-77220C37D6B4}'/><EventID>107</EventID><Version>1</Version><Level>4</Level><Task>102</Task><Opcode>0</Opcode><Keywords>0x8000000000000444</Keywords><TimeCreated SystemTime='2018-11-28T11:09:47.001881900Z'/><EventRecordID>12039</EventRecordID><Correlation/><Execution ProcessID='4' ThreadID='8952'/><Channel>System</Channel><Computer>PC-20170225VKVJ</Computer><Security/></System><EventData><Data Name='TargetState'>6</Data><Data Name='EffectiveState'>5</Data><Data Name='WakeFromState'>5</Data><Data Name='ProgrammedWakeTimeAc'>1601-01-01T00:00:00.000000000Z</Data><Data Name='ProgrammedWakeTimeDc'>1601-01-01T00:00:00.000000000Z</Data><Data Name='WakeRequesterTypeAc'>0</Data><Data Name='WakeRequesterTypeDc'>0</Data></EventData></Event><Event xmlns='http://schemas.microsoft.com/win/2004/08/events/event'><System><Provider Name='Microsoft-Windows-Kernel-Power' Guid='{331C3B3A-2005-44C2-AC5E-77220C37D6B4}'/><EventID>107</EventID><Version>1</Version><Level>4</Level><Task>102</Task><Opcode>0</Opcode><Keywords>0x8000000000000444</Keywords><TimeCreated SystemTime='2018-11-27T13:01:05.941955200Z'/><EventRecordID>12014</EventRecordID><Correlation/><Execution ProcessID='4' ThreadID='20448'/><Channel>System</Channel><Computer>PC-20170225VKVJ</Computer><Security/></System><EventData><Data Name='TargetState'>6</Data><Data Name='EffectiveState'>5</Data><Data Name='WakeFromState'>5</Data><Data Name='ProgrammedWakeTimeAc'>1601-01-01T00:00:00.000000000Z</Data><Data Name='ProgrammedWakeTimeDc'>1601-01-01T00:00:00.000000000Z</Data><Data Name='WakeRequesterTypeAc'>0</Data><Data Name='WakeRequesterTypeDc'>0</Data></EventData></Event><Event xmlns='http://schemas.microsoft.com/win/2004/08/events/event'><System><Provider Name='Microsoft-Windows-Kernel-Power' Guid='{331C3B3A-2005-44C2-AC5E-77220C37D6B4}'/><EventID>107</EventID><Version>1</Version><Level>4</Level><Task>102</Task><Opcode>0</Opcode><Keywords>0x8000000000000444</Keywords><TimeCreated SystemTime='2018-11-26T13:30:38.651557800Z'/><EventRecordID>11988</EventRecordID><Correlation/><Execution ProcessID='4' ThreadID='14408'/><Channel>System</Channel><Computer>PC-20170225VKVJ</Computer><Security/></System><EventData><Data Name='TargetState'>6</Data><Data Name='EffectiveState'>5</Data><Data Name='WakeFromState'>5</Data><Data Name='ProgrammedWakeTimeAc'>1601-01-01T00:00:00.000000000Z</Data><Data Name='ProgrammedWakeTimeDc'>1601-01-01T00:00:00.000000000Z</Data><Data Name='WakeRequesterTypeAc'>0</Data><Data Name='WakeRequesterTypeDc'>0</Data></EventData></Event><Event xmlns='http://schemas.microsoft.com/win/2004/08/events/event'><System><Provider Name='Microsoft-Windows-Kernel-Power' Guid='{331C3B3A-2005-44C2-AC5E-77220C37D6B4}'/><EventID>107</EventID><Version>1</Version><Level>4</Level><Task>102</Task><Opcode>0</Opcode><Keywords>0x8000000000000444</Keywords><TimeCreated SystemTime='2018-11-24T12:16:02.245196200Z'/><EventRecordID>11952</EventRecordID><Correlation/><Execution ProcessID='4' ThreadID='17708'/><Channel>System</Channel><Computer>PC-20170225VKVJ</Computer><Security/></System><EventData><Data Name='TargetState'>6</Data><Data Name='EffectiveState'>5</Data><Data Name='WakeFromState'>5</Data><Data Name='ProgrammedWakeTimeAc'>1601-01-01T00:00:00.000000000Z</Data><Data Name='ProgrammedWakeTimeDc'>1601-01-01T00:00:00.000000000Z</Data><Data Name='WakeRequesterTypeAc'>0</Data><Data Name='WakeRequesterTypeDc'>0</Data></EventData></Event><Event xmlns='http://schemas.microsoft.com/win/2004/08/events/event'><System><Provider Name='Microsoft-Windows-Kernel-Power' Guid='{331C3B3A-2005-44C2-AC5E-77220C37D6B4}'/><EventID>107</EventID><Version>1</Version><Level>4</Level><Task>102</Task><Opcode>0</Opcode><Keywords>0x8000000000000444</Keywords><TimeCreated SystemTime='2018-11-23T13:29:17.230946700Z'/><EventRecordID>11916</EventRecordID><Correlation/><Execution ProcessID='4' ThreadID='13764'/><Channel>System</Channel><Computer>PC-20170225VKVJ</Computer><Security/></System><EventData><Data Name='TargetState'>6</Data><Data Name='EffectiveState'>5</Data><Data Name='WakeFromState'>5</Data><Data Name='ProgrammedWakeTimeAc'>1601-01-01T00:00:00.000000000Z</Data><Data Name='ProgrammedWakeTimeDc'>1601-01-01T00:00:00.000000000Z</Data><Data Name='WakeRequesterTypeAc'>0</Data><Data Name='WakeRequesterTypeDc'>0</Data></EventData></Event></Events>